This file contains any messages produced by compilers while
running configure, to aid debugging if configure makes a mistake.

It was created by gc configure 8.1.0, which was
generated by GNU Autoconf 2.69.  Invocation command line was

  $ ./configure --enable-cplusplus --enable-threads=posix --enable-thread-local-alloc --enable-parallel-mark

## --------- ##
## Platform. ##
## --------- ##

hostname = irc
uname -m = x86_64
uname -r = 4.9.0-7-amd64
uname -s = Linux
uname -v = #1 SMP Debian 4.9.110-1 (2018-07-05)

/usr/bin/uname -p = unknown
/bin/uname -X     = unknown

/bin/arch              = unknown
/usr/bin/arch -k       = unknown
/usr/convex/getsysinfo = unknown
/usr/bin/hostinfo      = unknown
/bin/machine           = unknown
/usr/bin/oslevel       = unknown
/bin/universe          = unknown

PATH: /usr/local/bin
PATH: /usr/bin
PATH: /bin
PATH: /usr/local/games
PATH: /usr/games


## ----------- ##
## Core tests. ##
## ----------- ##

configure:2549: checking build system type
configure:2563: result: x86_64-unknown-linux-gnu
configure:2583: checking host system type
configure:2596: result: x86_64-unknown-linux-gnu
configure:2616: checking target system type
configure:2629: result: x86_64-unknown-linux-gnu
configure:2657: checking GC version numbers
configure:2688: result: major=8 minor=1                 micro=0
configure:2708: checking for a BSD-compatible install
configure:2776: result: /usr/bin/install -c
configure:2787: checking whether build environment is sane
configure:2842: result: yes
configure:2993: checking for a thread-safe mkdir -p
configure:3032: result: /bin/mkdir -p
configure:3039: checking for gawk
configure:3069: result: no
configure:3039: checking for mawk
configure:3055: found /usr/bin/mawk
configure:3066: result: mawk
configure:3077: checking whether make sets $(MAKE)
configure:3099: result: yes
configure:3128: checking whether make supports nested variables
configure:3145: result: yes
configure:3274: checking whether to enable maintainer-specific portions of Makefiles
configure:3283: result: no
configure:3312: checking for style of include used by make
configure:3340: result: GNU
configure:3411: checking for gcc
configure:3427: found /usr/bin/gcc
configure:3438: result: gcc
configure:3667: checking for C compiler version
configure:3676: gcc --version >&5
gcc (Debian 6.3.0-18+deb9u1) 6.3.0 20170516
Copyright (C) 2016 Free Software Foundation, Inc.
This is free software; see the source for copying conditions.  There is NO
warranty; not even for MERCHANTABILITY or FITNESS FOR A PARTICULAR PURPOSE.

configure:3687: $? = 0
configure:3676: gcc -v >&5
Using built-in specs.
COLLECT_GCC=gcc
COLLECT_LTO_WRAPPER=/usr/lib/gcc/x86_64-linux-gnu/6/lto-wrapper
Target: x86_64-linux-gnu
Configured with: ../src/configure -v --with-pkgversion='Debian 6.3.0-18+deb9u1' --with-bugurl=file:///usr/share/doc/gcc-6/README.Bugs --enable-languages=c,ada,c++,java,go,d,fortran,objc,obj-c++ --prefix=/usr --program-suffix=-6 --program-prefix=x86_64-linux-gnu- --enable-shared --enable-linker-build-id --libexecdir=/usr/lib --without-included-gettext --enable-threads=posix --libdir=/usr/lib --enable-nls --with-sysroot=/ --enable-clocale=gnu --enable-libstdcxx-debug --enable-libstdcxx-time=yes --with-default-libstdcxx-abi=new --enable-gnu-unique-object --disable-vtable-verify --enable-libmpx --enable-plugin --enable-default-pie --with-system-zlib --disable-browser-plugin --enable-java-awt=gtk --enable-gtk-cairo --with-java-home=/usr/lib/jvm/java-1.5.0-gcj-6-amd64/jre --enable-java-home --with-jvm-root-dir=/usr/lib/jvm/java-1.5.0-gcj-6-amd64 --with-jvm-jar-dir=/usr/lib/jvm-exports/java-1.5.0-gcj-6-amd64 --with-arch-directory=amd64 --with-ecj-jar=/usr/share/java/eclipse-ecj.jar --with-target-system-zlib --enable-objc-gc=auto --enable-multiarch --with-arch-32=i686 --with-abi=m64 --with-multilib-list=m32,m64,mx32 --enable-multilib --with-tune=generic --enable-checking=release --build=x86_64-linux-gnu --host=x86_64-linux-gnu --target=x86_64-linux-gnu
Thread model: posix
gcc version 6.3.0 20170516 (Debian 6.3.0-18+deb9u1) 
configure:3687: $? = 0
configure:3676: gcc -V >&5
gcc: error: unrecognized command line option '-V'
gcc: fatal error: no input files
compilation terminated.
configure:3687: $? = 1
configure:3676: gcc -qversion >&5
gcc: error: unrecognized command line option '-qversion'; did you mean '--version'?
gcc: fatal error: no input files
compilation terminated.
configure:3687: $? = 1
configure:3707: checking whether the C compiler works
configure:3729: gcc    conftest.c  >&5
configure:3733: $? = 0
configure:3781: result: yes
configure:3784: checking for C compiler default output file name
configure:3786: result: a.out
configure:3792: checking for suffix of executables
configure:3799: gcc -o conftest    conftest.c  >&5
configure:3803: $? = 0
configure:3825: result: 
configure:3847: checking whether we are cross compiling
configure:3855: gcc -o conftest    conftest.c  >&5
configure:3859: $? = 0
configure:3866: ./conftest
configure:3870: $? = 0
configure:3885: result: no
configure:3890: checking for suffix of object files
configure:3912: gcc -c   conftest.c >&5
configure:3916: $? = 0
configure:3937: result: o
configure:3941: checking whether we are using the GNU C compiler
configure:3960: gcc -c   conftest.c >&5
configure:3960: $? = 0
configure:3969: result: yes
configure:3978: checking whether gcc accepts -g
configure:3998: gcc -c -g  conftest.c >&5
configure:3998: $? = 0
configure:4039: result: yes
configure:4056: checking for gcc option to accept ISO C89
configure:4119: gcc  -c -g -O2  conftest.c >&5
configure:4119: $? = 0
configure:4132: result: none needed
configure:4157: checking whether gcc understands -c and -o together
configure:4179: gcc -c conftest.c -o conftest2.o
configure:4182: $? = 0
configure:4179: gcc -c conftest.c -o conftest2.o

## ---------------- ##
## Cache variables. ##
## ---------------- ##

ac_cv_build=x86_64-unknown-linux-gnu
ac_cv_c_compiler_gnu=yes
ac_cv_env_CCASFLAGS_set=
ac_cv_env_CCASFLAGS_value=
ac_cv_env_CCAS_set=
ac_cv_env_CCAS_value=
ac_cv_env_CCC_set=
ac_cv_env_CCC_value=
ac_cv_env_CC_set=
ac_cv_env_CC_value=
ac_cv_env_CFLAGS_set=
ac_cv_env_CFLAGS_value=
ac_cv_env_CPPFLAGS_set=
ac_cv_env_CPPFLAGS_value=
ac_cv_env_CPP_set=
ac_cv_env_CPP_value=
ac_cv_env_CXXCPP_set=
ac_cv_env_CXXCPP_value=
ac_cv_env_CXXFLAGS_set=
ac_cv_env_CXXFLAGS_value=
ac_cv_env_CXX_set=
ac_cv_env_CXX_value=
ac_cv_env_LDFLAGS_set=
ac_cv_env_LDFLAGS_value=
ac_cv_env_LIBS_set=
ac_cv_env_LIBS_value=
ac_cv_env_LT_SYS_LIBRARY_PATH_set=
ac_cv_env_LT_SYS_LIBRARY_PATH_value=
ac_cv_env_build_alias_set=
ac_cv_env_build_alias_value=
ac_cv_env_host_alias_set=
ac_cv_env_host_alias_value=
ac_cv_env_target_alias_set=
ac_cv_env_target_alias_value=
ac_cv_host=x86_64-unknown-linux-gnu
ac_cv_objext=o
ac_cv_path_install='/usr/bin/install -c'
ac_cv_path_mkdir=/bin/mkdir
ac_cv_prog_AWK=mawk
ac_cv_prog_ac_ct_CC=gcc
ac_cv_prog_cc_c89=
ac_cv_prog_cc_g=yes
ac_cv_prog_make_make_set=yes
ac_cv_target=x86_64-unknown-linux-gnu
am_cv_make_support_nested_variables=yes
am_cv_prog_cc_c_o=yes

## ----------------- ##
## Output variables. ##
## ----------------- ##

ACLOCAL='${SHELL} /home/ircd/zeusircd/gc/missing aclocal-1.15'
AMDEPBACKSLASH='\'
AMDEP_FALSE='#'
AMDEP_TRUE=''
AMTAR='$${TAR-tar}'
AM_BACKSLASH='\'
AM_CFLAGS=''
AM_CPPFLAGS=''
AM_DEFAULT_V='$(AM_DEFAULT_VERBOSITY)'
AM_DEFAULT_VERBOSITY='1'
AM_V='$(V)'
AR=''
ASM_WITH_CPP_UNSUPPORTED_FALSE=''
ASM_WITH_CPP_UNSUPPORTED_TRUE=''
ATOMIC_OPS_CFLAGS=''
AUTOCONF='${SHELL} /home/ircd/zeusircd/gc/missing autoconf'
AUTOHEADER='${SHELL} /home/ircd/zeusircd/gc/missing autoheader'
AUTOMAKE='${SHELL} /home/ircd/zeusircd/gc/missing automake-1.15'
AVOID_CPP_LIB_FALSE=''
AVOID_CPP_LIB_TRUE=''
AWK='mawk'
CC='gcc'
CCAS=''
CCASDEPMODE=''
CCASFLAGS=''
CCDEPMODE=''
CFLAGS='-g -O2'
CFLAGS_EXTRA=''
CHECKSUMS_FALSE=''
CHECKSUMS_TRUE=''
CPLUSPLUS_FALSE=''
CPLUSPLUS_TRUE=''
CPP=''
CPPFLAGS=''
CXX=''
CXXCPP=''
CXXDEPMODE=''
CXXFLAGS=''
CXXLIBS=''
CYGPATH_W='echo'
DARWIN_THREADS_FALSE=''
DARWIN_THREADS_TRUE=''
DEFS=''
DEPDIR='.deps'
DLLTOOL=''
DSYMUTIL=''
DUMPBIN=''
ECHO_C=''
ECHO_N='-n'
ECHO_T=''
EGREP=''
ENABLE_DISCLAIM_FALSE=''
ENABLE_DISCLAIM_TRUE=''
ENABLE_DOCS_FALSE=''
ENABLE_DOCS_TRUE=''
EXEEXT=''
EXTRA_TEST_LIBS=''
FGREP=''
GC_CFLAGS=''
GC_VERSION=''
GREP=''
INSTALL_DATA='${INSTALL} -m 644'
INSTALL_PROGRAM='${INSTALL}'
INSTALL_SCRIPT='${INSTALL}'
INSTALL_STRIP_PROGRAM='$(install_sh) -c -s'
KEEP_BACK_PTRS_FALSE=''
KEEP_BACK_PTRS_TRUE=''
LD=''
LDFLAGS=''
LIBOBJS=''
LIBS=''
LIBTOOL=''
LIPO=''
LN_S=''
LTLIBOBJS=''
LT_SYS_LIBRARY_PATH=''
MAINT='#'
MAINTAINER_MODE_FALSE=''
MAINTAINER_MODE_TRUE='#'
MAKEINFO='${SHELL} /home/ircd/zeusircd/gc/missing makeinfo'
MAKE_BACK_GRAPH_FALSE=''
MAKE_BACK_GRAPH_TRUE=''
MANIFEST_TOOL=''
MKDIR_P='/bin/mkdir -p'
NEED_ATOMIC_OPS_ASM_FALSE=''
NEED_ATOMIC_OPS_ASM_TRUE=''
NM=''
NMEDIT=''
OBJDUMP=''
OBJEXT='o'
OTOOL64=''
OTOOL=''
PACKAGE='gc'
PACKAGE_BUGREPORT='https://github.com/ivmai/bdwgc/issues'
PACKAGE_NAME='gc'
PACKAGE_STRING='gc 8.1.0'
PACKAGE_TARNAME='gc'
PACKAGE_URL=''
PACKAGE_VERSION='8.1.0'
PATH_SEPARATOR=':'
PTHREADS_FALSE=''
PTHREADS_TRUE=''
PTHREAD_START_STANDALONE_FALSE=''
PTHREAD_START_STANDALONE_TRUE=''
RANLIB=''
SED=''
SET_MAKE=''
SHELL='/bin/sh'
SINGLE_GC_OBJ_FALSE=''
SINGLE_GC_OBJ_TRUE=''
STRIP=''
THREADDLLIBS=''
THREADS_FALSE=''
THREADS_TRUE=''
THREAD_LOCAL_ALLOC_FALSE=''
THREAD_LOCAL_ALLOC_TRUE=''
UNWINDLIBS=''
USE_INTERNAL_LIBATOMIC_OPS_FALSE=''
USE_INTERNAL_LIBATOMIC_OPS_TRUE=''
USE_LIBDIR_FALSE=''
USE_LIBDIR_TRUE=''
VERSION='8.1.0'
WERROR_CFLAGS=''
WIN32_THREADS_FALSE=''
WIN32_THREADS_TRUE=''
ac_ct_AR=''
ac_ct_CC='gcc'
ac_ct_CXX=''
ac_ct_DUMPBIN=''
addlibs=''
addobjs=''
am__EXEEXT_FALSE=''
am__EXEEXT_TRUE=''
am__fastdepCCAS_FALSE=''
am__fastdepCCAS_TRUE=''
am__fastdepCC_FALSE=''
am__fastdepCC_TRUE=''
am__fastdepCXX_FALSE=''
am__fastdepCXX_TRUE=''
am__include='include'
am__isrc=''
am__leading_dot='.'
am__nodep='_no'
am__quote=''
am__tar='$${TAR-tar} chof - "$$tardir"'
am__untar='$${TAR-tar} xf -'
bindir='${exec_prefix}/bin'
build='x86_64-unknown-linux-gnu'
build_alias=''
build_cpu='x86_64'
build_os='linux-gnu'
build_vendor='unknown'
datadir='${datarootdir}'
datarootdir='${prefix}/share'
docdir='${datarootdir}/doc/${PACKAGE_TARNAME}'
dvidir='${docdir}'
exec_prefix='NONE'
extra_ldflags_libgc=''
host='x86_64-unknown-linux-gnu'
host_alias=''
host_cpu='x86_64'
host_os='linux-gnu'
host_vendor='unknown'
htmldir='${docdir}'
includedir='${prefix}/include'
infodir='${datarootdir}/info'
install_sh='${SHELL} /home/ircd/zeusircd/gc/install-sh'
libdir='${exec_prefix}/lib'
libexecdir='${exec_prefix}/libexec'
localedir='${datarootdir}/locale'
localstatedir='${prefix}/var'
mandir='${datarootdir}/man'
mkdir_p='$(MKDIR_P)'
oldincludedir='/usr/include'
pdfdir='${docdir}'
prefix='NONE'
program_transform_name='s,x,x,'
psdir='${docdir}'
runstatedir='${localstatedir}/run'
sbindir='${exec_prefix}/sbin'
sharedstatedir='${prefix}/com'
subdirs=''
sysconfdir='${prefix}/etc'
target='x86_64-unknown-linux-gnu'
target_alias=''
target_all=''
target_cpu='x86_64'
target_os='linux-gnu'
target_vendor='unknown'

## ----------- ##
## confdefs.h. ##
## ----------- ##

/* confdefs.h */
#define PACKAGE_NAME "gc"
#define PACKAGE_TARNAME "gc"
#define PACKAGE_VERSION "8.1.0"
#define PACKAGE_STRING "gc 8.1.0"
#define PACKAGE_BUGREPORT "https://github.com/ivmai/bdwgc/issues"
#define PACKAGE_URL ""
#define GC_VERSION_MAJOR 8
#define GC_VERSION_MINOR 1
#define GC_VERSION_MICRO 0
#define PACKAGE "gc"
#define VERSION "8.1.0"

configure: caught signal 2
configure: exit 1
